<?xml version="1.0" encoding="UTF-8"?>
<!-- Generated by org.testng.reporters.JUnitReportReporter -->
<testsuite skipped="0" hostname="DESKTOP-EAC6D0I" name="TestNg.TestNG" tests="2" failures="0" timestamp="24 Feb 2020 18:22:18 GMT" time="34.524" errors="0">
  <testcase name="verifyFacebookLogoTest" time="15.183" classname="TestNg.TestNG"/>
  <testcase name="verifyPageTitleTest" time="19.341" classname="TestNg.TestNG"/>
</testsuite> <!-- TestNg.TestNG -->
