<?xml version="1.0" encoding="UTF-8"?>
<!-- Generated by org.testng.reporters.JUnitReportReporter -->
<testsuite skipped="0" hostname="DESKTOP-EAC6D0I" name="Constaints.Title" tests="1" failures="0" timestamp="09 Apr 2020 17:54:48 GMT" time="0.106" errors="0">
  <testcase name="verifyPageTitle" time="0.106" classname="Constaints.Title"/>
</testsuite> <!-- Constaints.Title -->
