<?xml version="1.0" encoding="UTF-8"?>
<!-- Generated by org.testng.reporters.JUnitReportReporter -->
<testsuite skipped="0" hostname="DESKTOP-EAC6D0I" name="Constaints.Login" tests="1" failures="0" timestamp="09 Apr 2020 17:54:48 GMT" time="18.959" errors="0">
  <testcase name="Login" time="18.959" classname="Constaints.Login"/>
</testsuite> <!-- Constaints.Login -->
